*** Using Compiler 'V5.06 update 1 (build 61)', folder: 'C:\Keil_v5\ARM\ARMCC\Bin'
Rebuild target 'Target 1'
compiling delay.c...
compiling usart.c...
compiling LWM2M.c...
..\HARDWARE\LWM2M\LWM2M.c(124): warning:  #177-D: variable "wait" was declared but never referenced
  	 u8 wait=0;
..\HARDWARE\LWM2M\LWM2M.c(137): warning:  #177-D: variable "wait" was declared but never referenced
  	 u8 wait=0;
..\HARDWARE\LWM2M\LWM2M.c: 2 warnings, 0 errors
compiling usart3.c...
compiling led.c...
compiling Data_P.c...
compiling stm32f10x_it.c...
compiling system_stm32f10x.c...
compiling usart2.c...
compiling main.c...
assembling startup_stm32f10x_hd.s...
compiling sys.c...
compiling core_cm3.c...
compiling stm32f10x_gpio.c...
compiling misc.c...
compiling stm32f10x_usart.c...
compiling stm32f10x_rcc.c...
compiling stm32f10x_adc.c...
compiling stm32f10x_bkp.c...
compiling stm32f10x_crc.c...
compiling stm32f10x_cec.c...
compiling stm32f10x_dbgmcu.c...
compiling stm32f10x_can.c...
compiling stm32f10x_dma.c...
compiling stm32f10x_exti.c...
compiling stm32f10x_fsmc.c...
compiling stm32f10x_iwdg.c...
compiling stm32f10x_pwr.c...
compiling stm32f10x_flash.c...
compiling stm32f10x_rtc.c...
compiling stm32f10x_sdio.c...
compiling stm32f10x_tim.c...
linking...
Program Size: Code=17272 RO-data=340 RW-data=228 ZI-data=3492  
FromELF: creating hex file...
"..\OBJ\USART.axf" - 0 Error(s), 2 Warning(s).
Build Time Elapsed:  00:00:03
